<?xml version="1.0" encoding="UTF-8"?>
<testsuite name="com.quantitymeasurement.QuantityMeasurementTest" tests="29" skipped="0" failures="0" errors="0" timestamp="2020-05-21T23:13:56" hostname="DESKTOP-196HMRI" time="0.05">
  <properties/>
  <testcase name="givenFeet_WhenNegativeValue_ThrowsException" classname="com.quantitymeasurement.QuantityMeasurementTest" time="0.004"/>
  <testcase name="givenOneInch_AndOneFeet_WhenCompared_ReturnsFalse" classname="com.quantitymeasurement.QuantityMeasurementTest" time="0.0"/>
  <testcase name="givenInch_WhenReferingToSame_ReturnsTrue" classname="com.quantitymeasurement.QuantityMeasurementTest" time="0.0"/>
  <testcase name="givenOneInch_AndOneYard_WhenCompared_ReturnsFalse" classname="com.quantitymeasurement.QuantityMeasurementTest" time="0.0"/>
  <testcase name="givenFeet_WhenReferingToSame_ReturnsTrue" classname="com.quantitymeasurement.QuantityMeasurementTest" time="0.0"/>
  <testcase name="givenFeet_WhenValueIsEqual_ShouldReturnTrue" classname="com.quantitymeasurement.QuantityMeasurementTest" time="0.0"/>
  <testcase name="givenOneFeet_AndTwelveInch_WhenCompared_ReturnsTrue" classname="com.quantitymeasurement.QuantityMeasurementTest" time="0.001"/>
  <testcase name="givenFeet_WhenNull_ReturnsFalse" classname="com.quantitymeasurement.QuantityMeasurementTest" time="0.001"/>
  <testcase name="givenInch_AndCentiMeter_WhenAdded_ReturnsSum_InInches" classname="com.quantitymeasurement.QuantityMeasurementTest" time="0.0"/>
  <testcase name="givenFeet_WhenValueIsNotEqual_ShouldReturnFalse" classname="com.quantitymeasurement.QuantityMeasurementTest" time="0.001"/>
  <testcase name="givenOneFeet_AndOneInch_WhenCompared_ReturnsFalse" classname="com.quantitymeasurement.QuantityMeasurementTest" time="0.0"/>
  <testcase name="givenTwelveInch_AndOneFeet_WhenCompared_ReturnsTrue" classname="com.quantitymeasurement.QuantityMeasurementTest" time="0.0"/>
  <testcase name="givenNoQuantities_WhenForAddition_ReturnsZero" classname="com.quantitymeasurement.QuantityMeasurementTest" time="0.0"/>
  <testcase name="givenOneFeet_AndTwoInch_WhenAdded_ReturnsSum_InInches" classname="com.quantitymeasurement.QuantityMeasurementTest" time="0.001"/>
  <testcase name="givenInch_WhenNull_ReturnsFalse" classname="com.quantitymeasurement.QuantityMeasurementTest" time="0.001"/>
  <testcase name="givenThirtySixInch_AndOneYard_WhenCompared_ReturnsTrue" classname="com.quantitymeasurement.QuantityMeasurementTest" time="0.003"/>
  <testcase name="givenZeroInch_AndZeroFeet_WhenCompared_ReturnsTrue" classname="com.quantitymeasurement.QuantityMeasurementTest" time="0.0"/>
  <testcase name="givenOneFeet_AndOneYard_WhenCompared_ReturnsFalse" classname="com.quantitymeasurement.QuantityMeasurementTest" time="0.0"/>
  <testcase name="givenThreeFeet_AndOneYard_WhenCompared_ReturnsTrue" classname="com.quantitymeasurement.QuantityMeasurementTest" time="0.001"/>
  <testcase name="givenInch_WhenTypeEqual_ReturnsTrue" classname="com.quantitymeasurement.QuantityMeasurementTest" time="0.002"/>
  <testcase name="givenInches_WhenAdded_ReturnsSum_InInches" classname="com.quantitymeasurement.QuantityMeasurementTest" time="0.001"/>
  <testcase name="givenFeets_WhenAdded_ReturnsSum_InInches" classname="com.quantitymeasurement.QuantityMeasurementTest" time="0.0"/>
  <testcase name="givenOneYardAndThreeFeet_WhenCompared_ReturnsTrue" classname="com.quantitymeasurement.QuantityMeasurementTest" time="0.001"/>
  <testcase name="givenTwoInch_AndFiveCentiMeter_WhenCompared_ReturnsTrue" classname="com.quantitymeasurement.QuantityMeasurementTest" time="0.002"/>
  <testcase name="givenFeet_WhenTypeEqual_ReturnsTrue" classname="com.quantitymeasurement.QuantityMeasurementTest" time="0.001"/>
  <testcase name="givenSingleInch_WhenForAddition_ReturnsSum_InInches" classname="com.quantitymeasurement.QuantityMeasurementTest" time="0.002"/>
  <testcase name="givenInches_WhenValuesAreEqual_ReturnsTrue" classname="com.quantitymeasurement.QuantityMeasurementTest" time="0.001"/>
  <testcase name="givenFeet_WhenEqual_ReturnsTrue" classname="com.quantitymeasurement.QuantityMeasurementTest" time="0.0"/>
  <testcase name="givenOneYard_AndThirtySixInch_WhenCompared_ReturnsTrue" classname="com.quantitymeasurement.QuantityMeasurementTest" time="0.0"/>
  <system-out><![CDATA[]]></system-out>
  <system-err><![CDATA[]]></system-err>
</testsuite>
